  SMatrix4x4.cpp
  Maths.cpp
  CWorldSprite.cpp
  CLevel.cpp
  CUISprite.cpp
  CTestEnemy.cpp
  CPlayer.cpp
  CO2403-Professional-Skills.cpp
  CEProjectile.cpp
  CCore.cpp
  CCharacter.cpp
  SBaseSprite.cpp
  CAnimatedWorldSprite.cpp
  Generating Code...
TL-Engine2017Debug.lib(TL-Engine.obj) : warning LNK4099: PDB 'TL-Engine.pdb' was not found with 'TL-Engine2017Debug.lib(TL-Engine.obj)' or at 'C:\Users\WJAtkin\Documents\GitHub\CO2403-Professional-Skills\CO2403-Professional-Skills\TL-Engine.pdb'; linking object as if no debug info
TL-Engine2017Debug.lib(Errors.obj) : warning LNK4099: PDB 'Common.pdb' was not found with 'TL-Engine2017Debug.lib(Errors.obj)' or at 'C:\Users\WJAtkin\Documents\GitHub\CO2403-Professional-Skills\CO2403-Professional-Skills\Common.pdb'; linking object as if no debug info
TL-Engine2017Debug.lib(TLXSprite.obj) : warning LNK4099: PDB '3DEngine.pdb' was not found with 'TL-Engine2017Debug.lib(TLXSprite.obj)' or at 'C:\Users\WJAtkin\Documents\GitHub\CO2403-Professional-Skills\CO2403-Professional-Skills\3DEngine.pdb'; linking object as if no debug info
TL-Engine2017Debug.lib(TLXSceneNode.obj) : warning LNK4099: PDB '3DEngine.pdb' was not found with 'TL-Engine2017Debug.lib(TLXSceneNode.obj)' or at 'C:\Users\WJAtkin\Documents\GitHub\CO2403-Professional-Skills\CO2403-Professional-Skills\3DEngine.pdb'; linking object as if no debug info
TL-Engine2017Debug.lib(TLXModelNode.obj) : warning LNK4099: PDB '3DEngine.pdb' was not found with 'TL-Engine2017Debug.lib(TLXModelNode.obj)' or at 'C:\Users\WJAtkin\Documents\GitHub\CO2403-Professional-Skills\CO2403-Professional-Skills\3DEngine.pdb'; linking object as if no debug info
TL-Engine2017Debug.lib(TLXModel.obj) : warning LNK4099: PDB '3DEngine.pdb' was not found with 'TL-Engine2017Debug.lib(TLXModel.obj)' or at 'C:\Users\WJAtkin\Documents\GitHub\CO2403-Professional-Skills\CO2403-Professional-Skills\3DEngine.pdb'; linking object as if no debug info
TL-Engine2017Debug.lib(TLXMesh.obj) : warning LNK4099: PDB '3DEngine.pdb' was not found with 'TL-Engine2017Debug.lib(TLXMesh.obj)' or at 'C:\Users\WJAtkin\Documents\GitHub\CO2403-Professional-Skills\CO2403-Professional-Skills\3DEngine.pdb'; linking object as if no debug info
TL-Engine2017Debug.lib(TLXLight.obj) : warning LNK4099: PDB '3DEngine.pdb' was not found with 'TL-Engine2017Debug.lib(TLXLight.obj)' or at 'C:\Users\WJAtkin\Documents\GitHub\CO2403-Professional-Skills\CO2403-Professional-Skills\3DEngine.pdb'; linking object as if no debug info
TL-Engine2017Debug.lib(TLXFont.obj) : warning LNK4099: PDB '3DEngine.pdb' was not found with 'TL-Engine2017Debug.lib(TLXFont.obj)' or at 'C:\Users\WJAtkin\Documents\GitHub\CO2403-Professional-Skills\CO2403-Professional-Skills\3DEngine.pdb'; linking object as if no debug info
TL-Engine2017Debug.lib(TLXEngine.obj) : warning LNK4099: PDB '3DEngine.pdb' was not found with 'TL-Engine2017Debug.lib(TLXEngine.obj)' or at 'C:\Users\WJAtkin\Documents\GitHub\CO2403-Professional-Skills\CO2403-Professional-Skills\3DEngine.pdb'; linking object as if no debug info
TL-Engine2017Debug.lib(TLXCamera.obj) : warning LNK4099: PDB '3DEngine.pdb' was not found with 'TL-Engine2017Debug.lib(TLXCamera.obj)' or at 'C:\Users\WJAtkin\Documents\GitHub\CO2403-Professional-Skills\CO2403-Professional-Skills\3DEngine.pdb'; linking object as if no debug info
TL-Engine2017Debug.lib(IrrlichtSceneNode.obj) : warning LNK4099: PDB '3DEngine.pdb' was not found with 'TL-Engine2017Debug.lib(IrrlichtSceneNode.obj)' or at 'C:\Users\WJAtkin\Documents\GitHub\CO2403-Professional-Skills\CO2403-Professional-Skills\3DEngine.pdb'; linking object as if no debug info
TL-Engine2017Debug.lib(IrrlichtModel.obj) : warning LNK4099: PDB '3DEngine.pdb' was not found with 'TL-Engine2017Debug.lib(IrrlichtModel.obj)' or at 'C:\Users\WJAtkin\Documents\GitHub\CO2403-Professional-Skills\CO2403-Professional-Skills\3DEngine.pdb'; linking object as if no debug info
TL-Engine2017Debug.lib(IrrlichtMesh.obj) : warning LNK4099: PDB '3DEngine.pdb' was not found with 'TL-Engine2017Debug.lib(IrrlichtMesh.obj)' or at 'C:\Users\WJAtkin\Documents\GitHub\CO2403-Professional-Skills\CO2403-Professional-Skills\3DEngine.pdb'; linking object as if no debug info
TL-Engine2017Debug.lib(IrrlichtLight.obj) : warning LNK4099: PDB '3DEngine.pdb' was not found with 'TL-Engine2017Debug.lib(IrrlichtLight.obj)' or at 'C:\Users\WJAtkin\Documents\GitHub\CO2403-Professional-Skills\CO2403-Professional-Skills\3DEngine.pdb'; linking object as if no debug info
TL-Engine2017Debug.lib(IrrlichtInput.obj) : warning LNK4099: PDB '3DEngine.pdb' was not found with 'TL-Engine2017Debug.lib(IrrlichtInput.obj)' or at 'C:\Users\WJAtkin\Documents\GitHub\CO2403-Professional-Skills\CO2403-Professional-Skills\3DEngine.pdb'; linking object as if no debug info
TL-Engine2017Debug.lib(IrrlichtFont.obj) : warning LNK4099: PDB '3DEngine.pdb' was not found with 'TL-Engine2017Debug.lib(IrrlichtFont.obj)' or at 'C:\Users\WJAtkin\Documents\GitHub\CO2403-Professional-Skills\CO2403-Professional-Skills\3DEngine.pdb'; linking object as if no debug info
TL-Engine2017Debug.lib(IrrlichtEngine.obj) : warning LNK4099: PDB '3DEngine.pdb' was not found with 'TL-Engine2017Debug.lib(IrrlichtEngine.obj)' or at 'C:\Users\WJAtkin\Documents\GitHub\CO2403-Professional-Skills\CO2403-Professional-Skills\3DEngine.pdb'; linking object as if no debug info
TL-Engine2017Debug.lib(IrrlichtCamera.obj) : warning LNK4099: PDB '3DEngine.pdb' was not found with 'TL-Engine2017Debug.lib(IrrlichtCamera.obj)' or at 'C:\Users\WJAtkin\Documents\GitHub\CO2403-Professional-Skills\CO2403-Professional-Skills\3DEngine.pdb'; linking object as if no debug info
  CO2403-Professional-Skills.vcxproj -> C:\Users\WJAtkin\Documents\GitHub\CO2403-Professional-Skills\CO2403-Professional-Skills\\CO2403-Professional-SkillsDebug.exe
